# JRE version: OpenJDK Runtime Environment (17.0.10) (build 17.0.10+0--11572160)
# Java VM: OpenJDK 64-Bit Server VM (17.0.10+0--11572160, mixed mode, tiered, compressed oops, compressed class ptrs, g1 gc, windows-amd64)
GC Precious Log:
 CPUs: 8 total, 8 available
 Memory: 16179M
 Large Page Support: Disabled
 NUMA Support: Disabled
 Compressed Oops: Enabled (32-bit)
 Heap Region Size: 1M
 Heap Min Capacity: 8M
 Heap Initial Capacity: 254M
 Heap Max Capacity: 2G
 Pre-touch: Disabled
 Parallel Workers: 8
 Concurrent Workers: 2
 Concurrent Refinement Workers: 8
 Periodic GC: Disabled
Heap:
 garbage-first heap   total 86016K, used 55593K [0x0000000080000000, 0x0000000100000000)
  region size 1024K, 21 young (21504K), 3 survivors (3072K)
 Metaspace       used 59951K, committed 60416K, reserved 1114112K
  class space    used 8071K, committed 8256K, reserved 1048576K
GC Heap History (20 events):
Event: 4.901 GC heap before
{Heap before GC invocations=5 (full 0):
 garbage-first heap   total 71680K, used 49589K [0x0000000080000000, 0x0000000100000000)
  region size 1024K, 31 young (31744K), 2 survivors (2048K)
 Metaspace       used 30403K, committed 30656K, reserved 1114112K
  class space    used 4092K, committed 4224K, reserved 1048576K
}
Event: 4.904 GC heap after
{Heap after GC invocations=6 (full 0):
 garbage-first heap   total 71680K, used 22506K [0x0000000080000000, 0x0000000100000000)
  region size 1024K, 4 young (4096K), 4 survivors (4096K)
 Metaspace       used 30403K, committed 30656K, reserved 1114112K
  class space    used 4092K, committed 4224K, reserved 1048576K
}
Event: 5.622 GC heap before
{Heap before GC invocations=6 (full 0):
 garbage-first heap   total 71680K, used 51178K [0x0000000080000000, 0x0000000100000000)
  region size 1024K, 33 young (33792K), 4 survivors (4096K)
 Metaspace       used 34187K, committed 34432K, reserved 1114112K
  class space    used 4702K, committed 4800K, reserved 1048576K
}
Event: 5.624 GC heap after
{Heap after GC invocations=7 (full 0):
 garbage-first heap   total 71680K, used 24042K [0x0000000080000000, 0x0000000100000000)
  region size 1024K, 4 young (4096K), 4 survivors (4096K)
 Metaspace       used 34187K, committed 34432K, reserved 1114112K
  class space    used 4702K, committed 4800K, reserved 1048576K
}
Event: 5.831 GC heap before
{Heap before GC invocations=7 (full 0):
 garbage-first heap   total 71680K, used 31210K [0x0000000080000000, 0x0000000100000000)
  region size 1024K, 13 young (13312K), 4 survivors (4096K)
 Metaspace       used 35729K, committed 36096K, reserved 1114112K
  class space    used 4931K, committed 5120K, reserved 1048576K
}
Event: 5.835 GC heap after
{Heap after GC invocations=8 (full 0):
 garbage-first heap   total 71680K, used 24612K [0x0000000080000000, 0x0000000100000000)
  region size 1024K, 3 young (3072K), 3 survivors (3072K)
 Metaspace       used 35729K, committed 36096K, reserved 1114112K
  class space    used 4931K, committed 5120K, reserved 1048576K
}
Event: 6.450 GC heap before
{Heap before GC invocations=9 (full 0):
 garbage-first heap   total 71680K, used 53284K [0x0000000080000000, 0x0000000100000000)
  region size 1024K, 32 young (32768K), 3 survivors (3072K)
 Metaspace       used 40760K, committed 41088K, reserved 1114112K
  class space    used 5421K, committed 5568K, reserved 1048576K
}
Event: 6.458 GC heap after
{Heap after GC invocations=10 (full 0):
 garbage-first heap   total 71680K, used 28795K [0x0000000080000000, 0x0000000100000000)
  region size 1024K, 4 young (4096K), 4 survivors (4096K)
 Metaspace       used 40760K, committed 41088K, reserved 1114112K
  class space    used 5421K, committed 5568K, reserved 1048576K
}
Event: 7.326 GC heap before
{Heap before GC invocations=10 (full 0):
 garbage-first heap   total 71680K, used 60539K [0x0000000080000000, 0x0000000100000000)
  region size 1024K, 30 young (30720K), 4 survivors (4096K)
 Metaspace       used 44150K, committed 44544K, reserved 1114112K
  class space    used 5827K, committed 6016K, reserved 1048576K
}
Event: 7.334 GC heap after
{Heap after GC invocations=11 (full 0):
 garbage-first heap   total 71680K, used 31128K [0x0000000080000000, 0x0000000100000000)
  region size 1024K, 3 young (3072K), 3 survivors (3072K)
 Metaspace       used 44150K, committed 44544K, reserved 1114112K
  class space    used 5827K, committed 6016K, reserved 1048576K
}
Event: 8.078 GC heap before
{Heap before GC invocations=11 (full 0):
 garbage-first heap   total 71680K, used 55704K [0x0000000080000000, 0x0000000100000000)
  region size 1024K, 27 young (27648K), 3 survivors (3072K)
 Metaspace       used 45832K, committed 46272K, reserved 1114112K
  class space    used 6062K, committed 6272K, reserved 1048576K
}
Event: 8.090 GC heap after
{Heap after GC invocations=12 (full 0):
 garbage-first heap   total 71680K, used 33758K [0x0000000080000000, 0x0000000100000000)
  region size 1024K, 3 young (3072K), 3 survivors (3072K)
 Metaspace       used 45832K, committed 46272K, reserved 1114112K
  class space    used 6062K, committed 6272K, reserved 1048576K
}
Event: 8.918 GC heap before
{Heap before GC invocations=12 (full 0):
 garbage-first heap   total 71680K, used 55262K [0x0000000080000000, 0x0000000100000000)
  region size 1024K, 24 young (24576K), 3 survivors (3072K)
 Metaspace       used 48507K, committed 48896K, reserved 1114112K
  class space    used 6488K, committed 6656K, reserved 1048576K
}
Event: 8.922 GC heap after
{Heap after GC invocations=13 (full 0):
 garbage-first heap   total 71680K, used 34463K [0x0000000080000000, 0x0000000100000000)
  region size 1024K, 1 young (1024K), 1 survivors (1024K)
 Metaspace       used 48507K, committed 48896K, reserved 1114112K
  class space    used 6488K, committed 6656K, reserved 1048576K
}
Event: 9.507 GC heap before
{Heap before GC invocations=13 (full 0):
 garbage-first heap   total 71680K, used 56991K [0x0000000080000000, 0x0000000100000000)
  region size 1024K, 23 young (23552K), 1 survivors (1024K)
 Metaspace       used 51403K, committed 51840K, reserved 1114112K
  class space    used 6958K, committed 7168K, reserved 1048576K
}
Event: 9.511 GC heap after
{Heap after GC invocations=14 (full 0):
 garbage-first heap   total 71680K, used 35914K [0x0000000080000000, 0x0000000100000000)
  region size 1024K, 3 young (3072K), 3 survivors (3072K)
 Metaspace       used 51403K, committed 51840K, reserved 1114112K
  class space    used 6958K, committed 7168K, reserved 1048576K
}
Event: 9.924 GC heap before
{Heap before GC invocations=15 (full 0):
 garbage-first heap   total 71680K, used 52298K [0x0000000080000000, 0x0000000100000000)
  region size 1024K, 20 young (20480K), 3 survivors (3072K)
 Metaspace       used 53306K, committed 53632K, reserved 1114112K
  class space    used 7278K, committed 7424K, reserved 1048576K
}
Event: 9.928 GC heap after
{Heap after GC invocations=16 (full 0):
 garbage-first heap   total 71680K, used 36983K [0x0000000080000000, 0x0000000100000000)
  region size 1024K, 3 young (3072K), 3 survivors (3072K)
 Metaspace       used 53306K, committed 53632K, reserved 1114112K
  class space    used 7278K, committed 7424K, reserved 1048576K
}
Event: 10.630 GC heap before
{Heap before GC invocations=17 (full 0):
 garbage-first heap   total 71680K, used 60535K [0x0000000080000000, 0x0000000100000000)
  region size 1024K, 24 young (24576K), 3 survivors (3072K)
 Metaspace       used 56515K, committed 57024K, reserved 1114112K
  class space    used 7649K, committed 7872K, reserved 1048576K
}
Event: 10.635 GC heap after
{Heap after GC invocations=18 (full 0):
 garbage-first heap   total 86016K, used 38185K [0x0000000080000000, 0x0000000100000000)
  region size 1024K, 3 young (3072K), 3 survivors (3072K)
 Metaspace       used 56515K, committed 57024K, reserved 1114112K
  class space    used 7649K, committed 7872K, reserved 1048576K
}

